c:\users\oj53\source\repos\2_20_2024_nexabind_prototype_with_openmm_in_cpp\nexabind_backend_for_local_developement\nexabind\x64\debug\vc143.pdb
c:\users\oj53\source\repos\2_20_2024_nexabind_prototype_with_openmm_in_cpp\nexabind_backend_for_local_developement\nexabind\x64\debug\vc143.idb
c:\users\oj53\source\repos\2_20_2024_nexabind_prototype_with_openmm_in_cpp\nexabind_backend_for_local_developement\nexabind\x64\debug\testbaseline3forces.obj
c:\users\oj53\source\repos\2_20_2024_nexabind_prototype_with_openmm_in_cpp\nexabind_backend_for_local_developement\nexabind\x64\debug\verletintegration.obj
c:\users\oj53\source\repos\2_20_2024_nexabind_prototype_with_openmm_in_cpp\nexabind_backend_for_local_developement\nexabind\x64\debug\systemxmlparser.obj
c:\users\oj53\source\repos\2_20_2024_nexabind_prototype_with_openmm_in_cpp\nexabind_backend_for_local_developement\nexabind\x64\debug\statexmlparser.obj
c:\users\oj53\source\repos\2_20_2024_nexabind_prototype_with_openmm_in_cpp\nexabind_backend_for_local_developement\nexabind\x64\debug\reporter.obj
c:\users\oj53\source\repos\2_20_2024_nexabind_prototype_with_openmm_in_cpp\nexabind_backend_for_local_developement\nexabind\x64\debug\kineticenergy.obj
c:\users\oj53\source\repos\2_20_2024_nexabind_prototype_with_openmm_in_cpp\nexabind_backend_for_local_developement\nexabind\x64\debug\initializer.obj
c:\users\oj53\source\repos\2_20_2024_nexabind_prototype_with_openmm_in_cpp\nexabind_backend_for_local_developement\nexabind\x64\debug\periodictorsionforce.obj
c:\users\oj53\source\repos\2_20_2024_nexabind_prototype_with_openmm_in_cpp\nexabind_backend_for_local_developement\nexabind\x64\debug\harmonicbondforce.obj
c:\users\oj53\source\repos\2_20_2024_nexabind_prototype_with_openmm_in_cpp\nexabind_backend_for_local_developement\nexabind\x64\debug\harmonicangleforce.obj
c:\users\oj53\source\repos\2_20_2024_nexabind_prototype_with_openmm_in_cpp\nexabind_backend_for_local_developement\nexabind\x64\debug\forces.obj
c:\users\oj53\source\repos\2_20_2024_nexabind_prototype_with_openmm_in_cpp\nexabind_backend_for_local_developement\nexabind\x64\debug\engine.obj
c:\users\oj53\source\repos\2_20_2024_nexabind_prototype_with_openmm_in_cpp\nexabind_backend_for_local_developement\nexabind\x64\debug\nexabind.tlog\cl.command.1.tlog
c:\users\oj53\source\repos\2_20_2024_nexabind_prototype_with_openmm_in_cpp\nexabind_backend_for_local_developement\nexabind\x64\debug\nexabind.tlog\cl.read.1.tlog
c:\users\oj53\source\repos\2_20_2024_nexabind_prototype_with_openmm_in_cpp\nexabind_backend_for_local_developement\nexabind\x64\debug\nexabind.tlog\cl.write.1.tlog
c:\users\oj53\source\repos\2_20_2024_nexabind_prototype_with_openmm_in_cpp\nexabind_backend_for_local_developement\nexabind\x64\debug\nexabind.tlog\link.command.1.tlog
c:\users\oj53\source\repos\2_20_2024_nexabind_prototype_with_openmm_in_cpp\nexabind_backend_for_local_developement\nexabind\x64\debug\nexabind.tlog\link.read.1.tlog
c:\users\oj53\source\repos\2_20_2024_nexabind_prototype_with_openmm_in_cpp\nexabind_backend_for_local_developement\nexabind\x64\debug\nexabind.tlog\link.write.1.tlog
